<?xml version="1.0" encoding="UTF-8"?>
<testng-results skipped="0" failed="0" total="1" passed="1">
  <reporter-output>
  </reporter-output>
  <suite name="Default suite" duration-ms="100085" started-at="2017-05-15T18:11:33Z" finished-at="2017-05-15T18:13:13Z">
    <groups>
    </groups>
    <test name="Default test" duration-ms="100085" started-at="2017-05-15T18:11:33Z" finished-at="2017-05-15T18:13:13Z">
      <class name="NewTest">
        <test-method status="PASS" signature="f()[pri:0, instance:NewTest@55f3ddb1]" name="f" duration-ms="100060" started-at="2017-05-15T23:41:33Z" finished-at="2017-05-15T23:43:13Z">
          <reporter-output>
          </reporter-output>
        </test-method> <!-- f -->
      </class> <!-- NewTest -->
    </test> <!-- Default test -->
  </suite> <!-- Default suite -->
</testng-results>
